      64 23.301855   0.00002095
      96 32.258742   0.00002270
     128 43.763022   0.00002231
     192 55.994532   0.00002616
     256 67.315831   0.00002901
     384 86.997770   0.00003368
     512 86.880899   0.00004496
     768 128.875954   0.00004547
    1024 157.891440   0.00004948
    1536 142.589423   0.00008219
    2048 251.447426   0.00006214
    3072 201.760975   0.00011616
    4096 267.458398   0.00011684
    6144 407.022193   0.00011517
    8192 543.974435   0.00011490
   12288 786.463459   0.00011920
   16384 1028.893272   0.00012149
   24576 1401.190179   0.00013381
   32768 1408.997581   0.00017743
   49152 1903.606030   0.00019699
   65536 2486.884031   0.00020105
   98304 2871.250782   0.00026121
  131072 3277.555374   0.00030511
  196608 4006.352643   0.00037441
  262144 4492.565418   0.00044518
  393216 5110.341172   0.00058704
  524288 5656.150145   0.00070719
  786432 6511.436751   0.00092146
 1048576 6873.823513   0.00116384
