      64 5.627301   0.00008677
      96 8.448729   0.00008669
     128 11.228686   0.00008697
     192 16.885615   0.00008675
     256 22.499004   0.00008681
     384 33.699453   0.00008694
     512 44.763193   0.00008726
     768 66.938131   0.00008753
    1024 89.198606   0.00008759
    1536 131.619537   0.00008904
    2048 175.187789   0.00008919
    3072 258.875268   0.00009054
    4096 341.698167   0.00009145
    6144 494.910134   0.00009471
    8192 642.840678   0.00009722
   12288 903.913658   0.00010372
   16384 1124.803965   0.00011113
   24576 1468.744689   0.00012766
   32768 1678.191494   0.00014897
   49152 1920.457140   0.00019527
   65536 2126.346741   0.00023515
   98304 2146.046083   0.00034948
  131072 2549.651378   0.00039221
  196608 3128.062268   0.00047953
  262144 3362.079946   0.00059487
  393216 3906.020181   0.00076805
  524288 4325.490727   0.00092475
  786432 4576.448926   0.00131106
 1048576 4765.506550   0.00167873
