      64 5.111056   0.00009553
      96 7.965875   0.00009194
     128 10.600414   0.00009212
     192 14.708065   0.00009959
     256 18.692101   0.00010449
     384 28.925192   0.00010128
     512 39.722158   0.00009834
     768 57.067224   0.00010267
    1024 75.490998   0.00010349
    1536 123.582878   0.00009483
    2048 145.058545   0.00010772
    3072 227.218935   0.00010315
    4096 297.067223   0.00010520
    6144 429.988627   0.00010901
    8192 546.184538   0.00011443
   12288 755.777658   0.00012404
   16384 912.709991   0.00013695
   24576 1245.517176   0.00015054
   32768 1407.626271   0.00017760
   49152 1401.970773   0.00026748
   65536 1672.270000   0.00029899
   98304 2037.461179   0.00036811
  131072 2110.575259   0.00047380
  196608 2354.437031   0.00063709
  262144 2540.024284   0.00078739
  393216 2925.333383   0.00102552
  524288 3186.144240   0.00125544
  786432 3431.964570   0.00174827
 1048576 3587.266725   0.00223011
